   Compiling ffmpeg-sys-next v8.1.0
   Compiling futures-util v0.3.29
   Compiling addr2line v0.21.0
   Compiling object v0.32.1
   Compiling num_cpus v1.17.0
   Compiling cfg-if v1.0.0
   Compiling anyhow v1.0.75
   Compiling dart-sys v4.1.5
   Compiling serde v1.0.193
   Compiling portable-atomic v1.13.1
   Compiling atomic v0.5.3
   Compiling serde_json v1.0.109
error: failed to run custom build command for `ffmpeg-sys-next v8.1.0`

Caused by:
  process didn't exit successfully: `C:\Users\Administrator\Desktop\projects\player_project\vibe_flow\audio_converter\rust\target\debug\build\ffmpeg-sys-next-e5f3f2e51330c736\build-script-build` (exit code: 101)
  --- stdout
  Could not find ffmpeg with vcpkg: the vcpkg-rs Vcpkg build helper can only find libraries built for the MSVC ABI.
  cargo:rerun-if-env-changed=LIBAVUTIL_NO_PKG_CONFIG
  cargo:rerun-if-env-changed=PKG_CONFIG_ALLOW_CROSS_x86_64-pc-windows-gnu
  cargo:rerun-if-env-changed=PKG_CONFIG_ALLOW_CROSS_x86_64_pc_windows_gnu
  cargo:rerun-if-env-changed=TARGET_PKG_CONFIG_ALLOW_CROSS
  cargo:rerun-if-env-changed=PKG_CONFIG_ALLOW_CROSS
  cargo:rerun-if-env-changed=PKG_CONFIG_x86_64-pc-windows-gnu
  cargo:rerun-if-env-changed=PKG_CONFIG_x86_64_pc_windows_gnu
  cargo:rerun-if-env-changed=TARGET_PKG_CONFIG
  cargo:rerun-if-env-changed=PKG_CONFIG
  cargo:rerun-if-env-changed=PKG_CONFIG_SYSROOT_DIR_x86_64-pc-windows-gnu
  cargo:rerun-if-env-changed=PKG_CONFIG_SYSROOT_DIR_x86_64_pc_windows_gnu
  cargo:rerun-if-env-changed=TARGET_PKG_CONFIG_SYSROOT_DIR
  cargo:rerun-if-env-changed=PKG_CONFIG_SYSROOT_DIR

  --- stderr

  thread 'main' (29012) panicked at C:\Users\Administrator\.cargo\registry\src\index.crates.io-1949cf8c6b5b557f\ffmpeg-sys-next-8.1.0\build.rs:1088:14:
  called `Result::unwrap()` on an `Err` value: pkg-config has not been configured to support cross-compilation.

  Install a sysroot for the target platform and configure it via
  PKG_CONFIG_SYSROOT_DIR and PKG_CONFIG_PATH, or install a
  cross-compiling wrapper for pkg-config and set it via
  PKG_CONFIG environment variable.
  note: run with `RUST_BACKTRACE=1` environment variable to display a backtrace
warning: build failed, waiting for other jobs to finish...
